Base path: 'C:/Program Files/Unity/Hub/Editor/2019.4.9f1/Editor/Data', plugins path 'C:/Program Files/Unity/Hub/Editor/2019.4.9f1/Editor/Data/PlaybackEngines'
Cmd: initializeCompiler
Cmd: compileComputeKernel
  api=4 insize=12919 outsize=1046 ok=1
Cmd: compileComputeKernel
  api=4 insize=11985 outsize=1465 ok=1
Cmd: compileComputeKernel
  api=4 insize=11985 outsize=1611 ok=1
Cmd: compileComputeKernel
  api=4 insize=74735 outsize=2479 ok=1
Cmd: compileComputeKernel
  api=4 insize=74735 outsize=2077 ok=1
Cmd: compileComputeKernel
  api=4 insize=74735 outsize=1284 ok=1
Cmd: compileComputeKernel
  api=4 insize=74735 outsize=1520 ok=1
Cmd: compileComputeKernel
  api=4 insize=74735 outsize=1311 ok=1
Cmd: compileComputeKernel
  api=4 insize=74735 outsize=1828 ok=1
Cmd: compileComputeKernel
  api=4 insize=74735 outsize=1819 ok=1
Cmd: compileComputeKernel
  api=4 insize=74735 outsize=1851 ok=1
Cmd: compileComputeKernel
  api=4 insize=74735 outsize=1341 ok=1
Cmd: compileComputeKernel
  api=4 insize=74735 outsize=1449 ok=1
Cmd: compileComputeKernel
  api=4 insize=74735 outsize=1382 ok=1
Cmd: compileComputeKernel
  api=4 insize=73293 outsize=12700 ok=1
Cmd: compileComputeKernel
  api=4 insize=57129 outsize=775 ok=1
Cmd: compileComputeKernel
  api=4 insize=57129 outsize=855 ok=1
Cmd: compileComputeKernel
  api=4 insize=57129 outsize=622 ok=1
Cmd: compileComputeKernel
  api=4 insize=57129 outsize=787 ok=1
Cmd: compileComputeKernel
  api=4 insize=57129 outsize=877 ok=1
Cmd: compileComputeKernel
  api=4 insize=57129 outsize=1321 ok=1
Cmd: compileComputeKernel
  api=4 insize=57129 outsize=1363 ok=1
Cmd: compileComputeKernel
  api=4 insize=57129 outsize=1369 ok=1
Cmd: compileComputeKernel
  api=4 insize=57129 outsize=1334 ok=1
Cmd: compileComputeKernel
  api=4 insize=57129 outsize=1264 ok=1
Cmd: compileComputeKernel
  api=4 insize=57129 outsize=1256 ok=1
Cmd: compileComputeKernel
  api=4 insize=79371 outsize=6812 ok=1
Cmd: compileComputeKernel
  api=4 insize=79371 outsize=12236 ok=1
Cmd: compileComputeKernel
  api=4 insize=1900 outsize=3122 ok=1

Quitting shader compiler process
