Base path: 'C:/Program Files/Unity/Hub/Editor/2019.4.9f1/Editor/Data', plugins path 'C:/Program Files/Unity/Hub/Editor/2019.4.9f1/Editor/Data/PlaybackEngines'
Cmd: initializeCompiler
Cmd: compileComputeKernel
  api=4 insize=12919 outsize=1027 ok=1
Cmd: compileComputeKernel
  api=4 insize=11985 outsize=1465 ok=1
Cmd: compileComputeKernel
  api=4 insize=11985 outsize=1499 ok=1
Cmd: compileComputeKernel
  api=4 insize=74735 outsize=1489 ok=1
Cmd: compileComputeKernel
  api=4 insize=74735 outsize=1489 ok=1
Cmd: compileComputeKernel
  api=4 insize=74735 outsize=1335 ok=1
Cmd: compileComputeKernel
  api=4 insize=74735 outsize=1682 ok=1
Cmd: compileComputeKernel
  api=4 insize=74735 outsize=1311 ok=1
Cmd: compileComputeKernel
  api=4 insize=74735 outsize=1287 ok=1
Cmd: compileComputeKernel
  api=4 insize=57129 outsize=674 ok=1
Cmd: compileComputeKernel
  api=4 insize=57129 outsize=1094 ok=1
Cmd: compileComputeKernel
  api=4 insize=57129 outsize=811 ok=1
Cmd: compileComputeKernel
  api=4 insize=57129 outsize=855 ok=1
Cmd: compileComputeKernel
  api=4 insize=57129 outsize=1547 ok=1
Cmd: compileComputeKernel
  api=4 insize=57129 outsize=1442 ok=1
Cmd: compileComputeKernel
  api=4 insize=79371 outsize=6364 ok=1
Cmd: compileComputeKernel
  api=4 insize=79371 outsize=1905 ok=1
Cmd: compileComputeKernel
  api=4 insize=79371 outsize=12876 ok=1
Cmd: compileComputeKernel
  api=4 insize=4442 outsize=1684 ok=1
Cmd: compileSnippet
  api=4 type=0 insize=1602 outsize=1638 kw=UNITY_PASS_FORWARDBASE DIRECTIONAL pd=UNITY_ENABLE_REFLECTION_BUFFERS UNITY_USE_DITHER_MASK_FOR_ALPHABLENDED_SHADOWS UNITY_PBS_USE_BRDF1 UNITY_SPECCUBE_BOX_PROJECTION UNITY_SPECCUBE_BLENDING UNITY_ENABLE_DETAIL_NORMALMAP SHADER_API_DESKTOP UNITY_COLORSPACE_GAMMA UNITY_LIGHT_PROBE_PROXY_VOLUME UNITY_LIGHTMAP_FULL_HDR ok=1

Quitting shader compiler process
