Base path: 'C:/Program Files/Unity/Hub/Editor/2019.4.9f1/Editor/Data', plugins path 'C:/Program Files/Unity/Hub/Editor/2019.4.9f1/Editor/Data/PlaybackEngines'
Cmd: initializeCompiler
Cmd: compileComputeKernel
  api=4 insize=12919 outsize=1931 ok=1
Cmd: compileComputeKernel
  api=4 insize=11985 outsize=1620 ok=1
Cmd: compileComputeKernel
  api=4 insize=17013 outsize=5633 ok=1
Cmd: compileComputeKernel
  api=4 insize=74735 outsize=1686 ok=1
Cmd: compileComputeKernel
  api=4 insize=74735 outsize=1461 ok=1
Cmd: compileComputeKernel
  api=4 insize=74735 outsize=1667 ok=1
Cmd: compileComputeKernel
  api=4 insize=74735 outsize=1383 ok=1
Cmd: compileComputeKernel
  api=4 insize=74735 outsize=1547 ok=1
Cmd: compileComputeKernel
  api=4 insize=74735 outsize=1828 ok=1
Cmd: compileComputeKernel
  api=4 insize=74735 outsize=1580 ok=1
Cmd: compileComputeKernel
  api=4 insize=74735 outsize=1819 ok=1
Cmd: compileComputeKernel
  api=4 insize=74735 outsize=1998 ok=1
Cmd: compileComputeKernel
  api=4 insize=74735 outsize=3004 ok=1
Cmd: compileComputeKernel
  api=4 insize=74735 outsize=2483 ok=1
Cmd: compileComputeKernel
  api=4 insize=57129 outsize=622 ok=1
Cmd: compileComputeKernel
  api=4 insize=57129 outsize=759 ok=1
Cmd: compileComputeKernel
  api=4 insize=57129 outsize=796 ok=1
Cmd: compileComputeKernel
  api=4 insize=57129 outsize=847 ok=1
Cmd: compileComputeKernel
  api=4 insize=57129 outsize=629 ok=1
Cmd: compileComputeKernel
  api=4 insize=57129 outsize=1292 ok=1
Cmd: compileComputeKernel
  api=4 insize=57129 outsize=1369 ok=1
Cmd: compileComputeKernel
  api=4 insize=57129 outsize=1288 ok=1
Cmd: compileComputeKernel
  api=4 insize=57129 outsize=1364 ok=1
Cmd: compileComputeKernel
  api=4 insize=57129 outsize=1334 ok=1
Cmd: compileComputeKernel
  api=4 insize=57129 outsize=1317 ok=1
Cmd: compileComputeKernel
  api=4 insize=79371 outsize=11445 ok=1
Cmd: compileComputeKernel
  api=4 insize=79371 outsize=1572 ok=1
Cmd: compileComputeKernel
  api=4 insize=79371 outsize=1969 ok=1
Cmd: compileComputeKernel
  api=4 insize=79371 outsize=5359 ok=1
Cmd: compileComputeKernel
  api=4 insize=4442 outsize=1750 ok=1

Quitting shader compiler process
