Base path: 'C:/Program Files/Unity/Hub/Editor/2019.4.9f1/Editor/Data', plugins path 'C:/Program Files/Unity/Hub/Editor/2019.4.9f1/Editor/Data/PlaybackEngines'
Cmd: initializeCompiler
Cmd: compileComputeKernel
  api=4 insize=12919 outsize=2218 ok=1
Cmd: compileComputeKernel
  api=4 insize=11985 outsize=1465 ok=1
Cmd: compileComputeKernel
  api=4 insize=11985 outsize=1499 ok=1
Cmd: compileComputeKernel
  api=4 insize=17013 outsize=5445 ok=1
Cmd: compileComputeKernel
  api=4 insize=74735 outsize=10239 ok=1
Cmd: compileComputeKernel
  api=4 insize=74735 outsize=1998 ok=1
Cmd: compileComputeKernel
  api=4 insize=74735 outsize=1590 ok=1
Cmd: compileComputeKernel
  api=4 insize=74735 outsize=2266 ok=1
Cmd: compileComputeKernel
  api=4 insize=57129 outsize=769 ok=1
Cmd: compileComputeKernel
  api=4 insize=57129 outsize=950 ok=1
Cmd: compileComputeKernel
  api=4 insize=57129 outsize=872 ok=1
Cmd: compileComputeKernel
  api=4 insize=57129 outsize=838 ok=1
Cmd: compileComputeKernel
  api=4 insize=57129 outsize=1298 ok=1
Cmd: compileComputeKernel
  api=4 insize=57129 outsize=1306 ok=1
Cmd: compileComputeKernel
  api=4 insize=57129 outsize=1311 ok=1
Cmd: compileComputeKernel
  api=4 insize=57129 outsize=1324 ok=1
Cmd: compileComputeKernel
  api=4 insize=57129 outsize=1374 ok=1
Cmd: compileComputeKernel
  api=4 insize=57129 outsize=1287 ok=1
Cmd: compileComputeKernel
  api=4 insize=79371 outsize=14204 ok=1
Cmd: compileSnippet
  api=4 type=1 insize=1602 outsize=5590 kw=UNITY_PASS_FORWARDBASE DIRECTIONAL pd=UNITY_ENABLE_REFLECTION_BUFFERS UNITY_USE_DITHER_MASK_FOR_ALPHABLENDED_SHADOWS UNITY_PBS_USE_BRDF1 UNITY_SPECCUBE_BOX_PROJECTION UNITY_SPECCUBE_BLENDING UNITY_ENABLE_DETAIL_NORMALMAP SHADER_API_DESKTOP UNITY_COLORSPACE_GAMMA UNITY_LIGHT_PROBE_PROXY_VOLUME UNITY_LIGHTMAP_FULL_HDR ok=1

Quitting shader compiler process
