Base path: 'C:/Program Files/Unity/Hub/Editor/2019.4.9f1/Editor/Data', plugins path 'C:/Program Files/Unity/Hub/Editor/2019.4.9f1/Editor/Data/PlaybackEngines'
Cmd: initializeCompiler
Cmd: compileComputeKernel
  api=4 insize=12919 outsize=1840 ok=1
Cmd: compileComputeKernel
  api=4 insize=11985 outsize=1465 ok=1
Cmd: compileComputeKernel
  api=4 insize=11985 outsize=1495 ok=1
Cmd: compileComputeKernel
  api=4 insize=17013 outsize=3291 ok=1
Cmd: compileComputeKernel
  api=4 insize=74735 outsize=2922 ok=1
Cmd: compileComputeKernel
  api=4 insize=74735 outsize=3335 ok=1
Cmd: compileComputeKernel
  api=4 insize=74735 outsize=1861 ok=1
Cmd: compileComputeKernel
  api=4 insize=74735 outsize=1628 ok=1
Cmd: compileComputeKernel
  api=4 insize=74735 outsize=1319 ok=1
Cmd: compileComputeKernel
  api=4 insize=74735 outsize=1819 ok=1
Cmd: compileComputeKernel
  api=4 insize=74735 outsize=1848 ok=1
Cmd: compileComputeKernel
  api=4 insize=74735 outsize=1341 ok=1
Cmd: compileComputeKernel
  api=4 insize=74735 outsize=1750 ok=1
Cmd: compileComputeKernel
  api=4 insize=73293 outsize=5015 ok=1
Cmd: compileComputeKernel
  api=4 insize=57129 outsize=777 ok=1
Cmd: compileComputeKernel
  api=4 insize=57129 outsize=791 ok=1
Cmd: compileComputeKernel
  api=4 insize=57129 outsize=701 ok=1
Cmd: compileComputeKernel
  api=4 insize=57129 outsize=1218 ok=1
Cmd: compileComputeKernel
  api=4 insize=57129 outsize=693 ok=1
Cmd: compileComputeKernel
  api=4 insize=57129 outsize=1340 ok=1
Cmd: compileComputeKernel
  api=4 insize=57129 outsize=1284 ok=1
Cmd: compileComputeKernel
  api=4 insize=57129 outsize=1397 ok=1
Cmd: compileComputeKernel
  api=4 insize=57129 outsize=1338 ok=1
Cmd: compileComputeKernel
  api=4 insize=57129 outsize=1319 ok=1
Cmd: compileComputeKernel
  api=4 insize=79371 outsize=35766 ok=1
Cmd: compileSnippet
  api=4 type=0 insize=1602 outsize=2018 kw=UNITY_PASS_FORWARDBASE DIRECTIONAL _EMISSION _NORMALMAP _METALLICGLOSSMAP pd=UNITY_ENABLE_REFLECTION_BUFFERS UNITY_USE_DITHER_MASK_FOR_ALPHABLENDED_SHADOWS UNITY_PBS_USE_BRDF1 UNITY_SPECCUBE_BOX_PROJECTION UNITY_SPECCUBE_BLENDING UNITY_ENABLE_DETAIL_NORMALMAP SHADER_API_DESKTOP UNITY_COLORSPACE_GAMMA UNITY_LIGHT_PROBE_PROXY_VOLUME UNITY_LIGHTMAP_FULL_HDR ok=1

Quitting shader compiler process
